{"total": {"lines":{"total":2142,"covered":894,"skipped":0,"pct":41.73},"statements":{"total":2142,"covered":894,"skipped":0,"pct":41.73},"functions":{"total":28,"covered":9,"skipped":0,"pct":32.14},"branches":{"total":117,"covered":76,"skipped":0,"pct":64.95},"branchesTrue":{"total":0,"covered":0,"skipped":0,"pct":100}}
,"D:\\Dados\\Coding\\Empresa\\nft\\server.js": {"lines":{"total":878,"covered":620,"skipped":0,"pct":70.61},"functions":{"total":7,"covered":5,"skipped":0,"pct":71.42},"statements":{"total":878,"covered":620,"skipped":0,"pct":70.61},"branches":{"total":72,"covered":52,"skipped":0,"pct":72.22}}
,"D:\\Dados\\Coding\\Empresa\\nft\\js\\back-end\\blockchainDeposit.js": {"lines":{"total":112,"covered":0,"skipped":0,"pct":0},"functions":{"total":1,"covered":0,"skipped":0,"pct":0},"statements":{"total":112,"covered":0,"skipped":0,"pct":0},"branches":{"total":1,"covered":0,"skipped":0,"pct":0}}
,"D:\\Dados\\Coding\\Empresa\\nft\\js\\back-end\\blockchainProvider.js": {"lines":{"total":38,"covered":0,"skipped":0,"pct":0},"functions":{"total":1,"covered":0,"skipped":0,"pct":0},"statements":{"total":38,"covered":0,"skipped":0,"pct":0},"branches":{"total":1,"covered":0,"skipped":0,"pct":0}}
,"D:\\Dados\\Coding\\Empresa\\nft\\js\\back-end\\checkAndApplyParasites.js": {"lines":{"total":78,"covered":8,"skipped":0,"pct":10.25},"functions":{"total":1,"covered":0,"skipped":0,"pct":0},"statements":{"total":78,"covered":8,"skipped":0,"pct":10.25},"branches":{"total":1,"covered":1,"skipped":0,"pct":100}}
,"D:\\Dados\\Coding\\Empresa\\nft\\js\\back-end\\colectSeed.js": {"lines":{"total":100,"covered":4,"skipped":0,"pct":4},"functions":{"total":1,"covered":0,"skipped":0,"pct":0},"statements":{"total":100,"covered":4,"skipped":0,"pct":4},"branches":{"total":1,"covered":1,"skipped":0,"pct":100}}
,"D:\\Dados\\Coding\\Empresa\\nft\\js\\back-end\\config.js": {"lines":{"total":16,"covered":0,"skipped":0,"pct":0},"functions":{"total":1,"covered":0,"skipped":0,"pct":0},"statements":{"total":16,"covered":0,"skipped":0,"pct":0},"branches":{"total":1,"covered":0,"skipped":0,"pct":0}}
,"D:\\Dados\\Coding\\Empresa\\nft\\js\\back-end\\createUser.js": {"lines":{"total":50,"covered":5,"skipped":0,"pct":10},"functions":{"total":1,"covered":0,"skipped":0,"pct":0},"statements":{"total":50,"covered":5,"skipped":0,"pct":10},"branches":{"total":1,"covered":1,"skipped":0,"pct":100}}
,"D:\\Dados\\Coding\\Empresa\\nft\\js\\back-end\\ledger.js": {"lines":{"total":26,"covered":0,"skipped":0,"pct":0},"functions":{"total":1,"covered":0,"skipped":0,"pct":0},"statements":{"total":26,"covered":0,"skipped":0,"pct":0},"branches":{"total":1,"covered":0,"skipped":0,"pct":0}}
,"D:\\Dados\\Coding\\Empresa\\nft\\js\\back-end\\metrics.js": {"lines":{"total":96,"covered":0,"skipped":0,"pct":0},"functions":{"total":1,"covered":0,"skipped":0,"pct":0},"statements":{"total":96,"covered":0,"skipped":0,"pct":0},"branches":{"total":1,"covered":0,"skipped":0,"pct":0}}
,"D:\\Dados\\Coding\\Empresa\\nft\\js\\back-end\\plantSeed.js": {"lines":{"total":102,"covered":7,"skipped":0,"pct":6.86},"functions":{"total":1,"covered":0,"skipped":0,"pct":0},"statements":{"total":102,"covered":7,"skipped":0,"pct":6.86},"branches":{"total":1,"covered":1,"skipped":0,"pct":100}}
,"D:\\Dados\\Coding\\Empresa\\nft\\js\\back-end\\processarCompra.js": {"lines":{"total":90,"covered":73,"skipped":0,"pct":81.11},"functions":{"total":1,"covered":1,"skipped":0,"pct":100},"statements":{"total":90,"covered":73,"skipped":0,"pct":81.11},"branches":{"total":12,"covered":3,"skipped":0,"pct":25}}
,"D:\\Dados\\Coding\\Empresa\\nft\\js\\back-end\\removeItem.js": {"lines":{"total":83,"covered":5,"skipped":0,"pct":6.02},"functions":{"total":1,"covered":0,"skipped":0,"pct":0},"statements":{"total":83,"covered":5,"skipped":0,"pct":6.02},"branches":{"total":1,"covered":1,"skipped":0,"pct":100}}
,"D:\\Dados\\Coding\\Empresa\\nft\\js\\back-end\\removeParasita.js": {"lines":{"total":50,"covered":3,"skipped":0,"pct":6},"functions":{"total":1,"covered":0,"skipped":0,"pct":0},"statements":{"total":50,"covered":3,"skipped":0,"pct":6},"branches":{"total":1,"covered":1,"skipped":0,"pct":100}}
,"D:\\Dados\\Coding\\Empresa\\nft\\js\\back-end\\updatePlant.js": {"lines":{"total":204,"covered":9,"skipped":0,"pct":4.41},"functions":{"total":2,"covered":0,"skipped":0,"pct":0},"statements":{"total":204,"covered":9,"skipped":0,"pct":4.41},"branches":{"total":1,"covered":1,"skipped":0,"pct":100}}
,"D:\\Dados\\Coding\\Empresa\\nft\\js\\back-end\\updateTokenBalance.js": {"lines":{"total":24,"covered":5,"skipped":0,"pct":20.83},"functions":{"total":1,"covered":0,"skipped":0,"pct":0},"statements":{"total":24,"covered":5,"skipped":0,"pct":20.83},"branches":{"total":1,"covered":1,"skipped":0,"pct":100}}
,"D:\\Dados\\Coding\\Empresa\\nft\\js\\back-end\\verifyToken.js": {"lines":{"total":41,"covered":31,"skipped":0,"pct":75.6},"functions":{"total":1,"covered":1,"skipped":0,"pct":100},"statements":{"total":41,"covered":31,"skipped":0,"pct":75.6},"branches":{"total":7,"covered":5,"skipped":0,"pct":71.42}}
,"D:\\Dados\\Coding\\Empresa\\nft\\js\\back-end\\walletConnect.js": {"lines":{"total":14,"covered":0,"skipped":0,"pct":0},"functions":{"total":1,"covered":0,"skipped":0,"pct":0},"statements":{"total":14,"covered":0,"skipped":0,"pct":0},"branches":{"total":1,"covered":0,"skipped":0,"pct":0}}
,"D:\\Dados\\Coding\\Empresa\\nft\\js\\validation\\middleware.js": {"lines":{"total":56,"covered":40,"skipped":0,"pct":71.42},"functions":{"total":4,"covered":2,"skipped":0,"pct":50},"statements":{"total":56,"covered":40,"skipped":0,"pct":71.42},"branches":{"total":11,"covered":7,"skipped":0,"pct":63.63}}
,"D:\\Dados\\Coding\\Empresa\\nft\\js\\validation\\schemas.js": {"lines":{"total":84,"covered":84,"skipped":0,"pct":100},"functions":{"total":0,"covered":0,"skipped":0,"pct":100},"statements":{"total":84,"covered":84,"skipped":0,"pct":100},"branches":{"total":1,"covered":1,"skipped":0,"pct":100}}
}
