TN:
SF:server.js
FN:55,global.validateSignature
FN:58,global.verifyTransaction
FN:62,TestUser
FN:63,findOne
FN:64,save
FN:99,customProps
FN:128,sanitizeString
FN:137,deepSanitize
FN:177,create
FN:263,sendMessageToContract
FN:444,cleanupIdempotency
FN:685,isTokenRevoked
FNF:12
FNH:6
FNDA:2,global.validateSignature
FNDA:1,global.verifyTransaction
FNDA:0,TestUser
FNDA:0,findOne
FNDA:0,save
FNDA:128,customProps
FNDA:65,sanitizeString
FNDA:300,deepSanitize
FNDA:0,create
FNDA:0,sendMessageToContract
FNDA:0,cleanupIdempotency
FNDA:6,isTokenRevoked
DA:1,1
DA:2,1
DA:3,1
DA:4,1
DA:5,1
DA:6,1
DA:7,1
DA:8,1
DA:9,1
DA:10,1
DA:11,1
DA:12,1
DA:13,1
DA:14,1
DA:15,1
DA:16,1
DA:17,1
DA:18,1
DA:19,1
DA:20,1
DA:21,1
DA:22,1
DA:23,1
DA:24,1
DA:25,1
DA:26,1
DA:27,1
DA:28,1
DA:29,1
DA:30,1
DA:31,1
DA:32,1
DA:33,1
DA:34,1
DA:35,1
DA:36,1
DA:37,1
DA:38,1
DA:39,1
DA:40,1
DA:41,1
DA:42,1
DA:43,1
DA:44,1
DA:45,1
DA:46,1
DA:47,1
DA:48,1
DA:49,1
DA:50,1
DA:51,1
DA:52,1
DA:53,1
DA:54,1
DA:55,1
DA:56,1
DA:57,1
DA:58,1
DA:59,1
DA:60,1
DA:61,1
DA:62,1
DA:63,1
DA:64,1
DA:65,1
DA:66,1
DA:67,1
DA:68,1
DA:69,1
DA:70,1
DA:71,1
DA:72,1
DA:73,1
DA:74,1
DA:75,1
DA:76,1
DA:77,1
DA:78,0
DA:79,0
DA:80,1
DA:81,1
DA:82,1
DA:83,1
DA:84,1
DA:85,1
DA:86,1
DA:87,1
DA:88,1
DA:89,1
DA:90,1
DA:91,1
DA:92,1
DA:93,1
DA:94,65
DA:95,65
DA:96,1
DA:97,1
DA:98,1
DA:99,1
DA:100,1
DA:101,1
DA:102,1
DA:103,65
DA:104,65
DA:105,65
DA:106,65
DA:107,65
DA:108,65
DA:109,65
DA:110,65
DA:111,65
DA:112,65
DA:113,65
DA:114,65
DA:115,65
DA:116,65
DA:117,65
DA:118,65
DA:119,65
DA:120,65
DA:121,1
DA:122,1
DA:123,1
DA:124,1
DA:125,1
DA:126,1
DA:127,1
DA:128,65
DA:129,65
DA:130,65
DA:131,65
DA:132,65
DA:133,65
DA:134,65
DA:135,65
DA:136,65
DA:137,300
DA:138,300
DA:139,300
DA:140,300
DA:141,200
DA:142,200
DA:143,200
DA:144,200
DA:145,300
DA:146,32
DA:147,32
DA:148,1
DA:149,65
DA:150,65
DA:151,65
DA:152,65
DA:153,1
DA:154,1
DA:155,1
DA:156,1
DA:157,65
DA:158,65
DA:159,65
DA:160,65
DA:161,65
DA:162,1
DA:163,1
DA:164,1
DA:165,1
DA:166,1
DA:167,1
DA:168,1
DA:169,1
DA:170,1
DA:171,1
DA:172,1
DA:173,1
DA:174,1
DA:175,1
DA:176,1
DA:177,0
DA:178,0
DA:179,1
DA:180,1
DA:181,1
DA:182,1
DA:183,1
DA:184,1
DA:185,1
DA:186,1
DA:187,1
DA:188,1
DA:189,1
DA:190,1
DA:191,1
DA:192,1
DA:193,1
DA:194,1
DA:195,1
DA:196,1
DA:197,1
DA:198,1
DA:199,1
DA:200,1
DA:201,1
DA:202,1
DA:203,1
DA:204,1
DA:205,1
DA:206,1
DA:207,1
DA:208,1
DA:209,1
DA:210,1
DA:211,1
DA:212,1
DA:213,1
DA:214,1
DA:215,1
DA:216,1
DA:217,1
DA:218,1
DA:219,1
DA:220,1
DA:221,1
DA:222,1
DA:223,1
DA:224,1
DA:225,1
DA:226,1
DA:227,1
DA:228,1
DA:229,1
DA:230,1
DA:231,1
DA:232,1
DA:233,1
DA:234,1
DA:235,1
DA:236,1
DA:237,1
DA:238,1
DA:239,1
DA:240,1
DA:241,1
DA:242,1
DA:243,1
DA:244,1
DA:245,1
DA:246,1
DA:247,1
DA:248,1
DA:249,1
DA:250,1
DA:251,1
DA:252,1
DA:253,1
DA:254,1
DA:255,1
DA:256,1
DA:257,1
DA:258,1
DA:259,1
DA:260,1
DA:261,1
DA:262,1
DA:263,0
DA:264,0
DA:265,0
DA:266,0
DA:267,0
DA:268,0
DA:269,0
DA:270,0
DA:271,0
DA:272,0
DA:273,0
DA:274,0
DA:275,1
DA:276,1
DA:277,1
DA:278,1
DA:279,1
DA:280,1
DA:281,1
DA:282,1
DA:283,1
DA:284,1
DA:285,1
DA:286,1
DA:287,1
DA:288,1
DA:289,1
DA:290,1
DA:291,1
DA:292,1
DA:293,1
DA:294,1
DA:295,1
DA:296,1
DA:297,0
DA:298,0
DA:299,1
DA:300,1
DA:301,1
DA:302,1
DA:303,0
DA:304,0
DA:305,0
DA:306,0
DA:307,1
DA:308,1
DA:309,1
DA:310,1
DA:311,1
DA:312,2
DA:313,0
DA:314,0
DA:315,2
DA:316,2
DA:317,2
DA:318,2
DA:319,2
DA:320,1
DA:321,1
DA:322,1
DA:323,1
DA:324,2
DA:325,0
DA:326,0
DA:327,0
DA:328,0
DA:329,0
DA:330,1
DA:331,1
DA:332,1
DA:333,1
DA:334,1
DA:335,1
DA:336,1
DA:337,1
DA:338,1
DA:339,1
DA:340,1
DA:341,1
DA:342,1
DA:343,0
DA:344,0
DA:345,0
DA:346,1
DA:347,1
DA:348,1
DA:349,0
DA:350,0
DA:351,0
DA:352,0
DA:353,0
DA:354,0
DA:355,0
DA:356,0
DA:357,0
DA:358,0
DA:359,0
DA:360,0
DA:361,0
DA:362,0
DA:363,0
DA:364,0
DA:365,0
DA:366,0
DA:367,0
DA:368,0
DA:369,0
DA:370,0
DA:371,0
DA:372,0
DA:373,0
DA:374,0
DA:375,0
DA:376,0
DA:377,0
DA:378,0
DA:379,0
DA:380,0
DA:381,0
DA:382,0
DA:383,0
DA:384,0
DA:385,0
DA:386,0
DA:387,0
DA:388,0
DA:389,1
DA:390,1
DA:391,1
DA:392,1
DA:393,1
DA:394,1
DA:395,1
DA:396,1
DA:397,1
DA:398,1
DA:399,1
DA:400,1
DA:401,1
DA:402,1
DA:403,1
DA:404,1
DA:405,1
DA:406,1
DA:407,1
DA:408,1
DA:409,5
DA:410,5
DA:411,5
DA:412,2
DA:413,2
DA:414,3
DA:415,4
DA:416,4
DA:417,4
DA:418,4
DA:419,3
DA:420,3
DA:421,3
DA:422,3
DA:423,3
DA:424,5
DA:425,0
DA:426,0
DA:427,0
DA:428,1
DA:429,1
DA:430,1
DA:431,1
DA:432,1
DA:433,1
DA:434,1
DA:435,1
DA:436,20
DA:437,20
DA:438,20
DA:439,20
DA:440,20
DA:441,1
DA:442,1
DA:443,1
DA:444,0
DA:445,0
DA:446,0
DA:447,0
DA:448,0
DA:449,0
DA:450,0
DA:451,1
DA:452,1
DA:453,1
DA:454,1
DA:455,1
DA:456,1
DA:457,1
DA:458,2
DA:459,2
DA:460,2
DA:461,2
DA:462,2
DA:463,2
DA:464,0
DA:465,0
DA:466,0
DA:467,1
DA:468,1
DA:469,1
DA:470,1
DA:471,10
DA:472,10
DA:473,10
DA:474,10
DA:475,10
DA:476,2
DA:477,2
DA:478,5
DA:479,5
DA:480,5
DA:481,5
DA:482,5
DA:483,5
DA:484,5
DA:485,5
DA:486,5
DA:487,10
DA:488,3
DA:489,3
DA:490,3
DA:491,1
DA:492,1
DA:493,1
DA:494,1
DA:495,1
DA:496,1
DA:497,0
DA:498,0
DA:499,0
DA:500,0
DA:501,0
DA:502,0
DA:503,0
DA:504,0
DA:505,0
DA:506,0
DA:507,0
DA:508,0
DA:509,0
DA:510,0
DA:511,0
DA:512,0
DA:513,0
DA:514,0
DA:515,0
DA:516,0
DA:517,0
DA:518,0
DA:519,0
DA:520,0
DA:521,0
DA:522,0
DA:523,0
DA:524,0
DA:525,0
DA:526,0
DA:527,0
DA:528,0
DA:529,0
DA:530,0
DA:531,0
DA:532,0
DA:533,0
DA:534,0
DA:535,0
DA:536,0
DA:537,1
DA:538,1
DA:539,1
DA:540,3
DA:541,3
DA:542,3
DA:543,3
DA:544,3
DA:545,3
DA:546,3
DA:547,3
DA:548,3
DA:549,3
DA:550,0
DA:551,0
DA:552,0
DA:553,0
DA:554,0
DA:555,0
DA:556,0
DA:557,1
DA:558,1
DA:559,1
DA:560,1
DA:561,1
DA:562,1
DA:563,1
DA:564,1
DA:565,1
DA:566,1
DA:567,1
DA:568,1
DA:569,1
DA:570,1
DA:571,3
DA:572,3
DA:573,3
DA:574,3
DA:575,2
DA:576,2
DA:577,1
DA:578,1
DA:579,1
DA:580,1
DA:581,1
DA:582,1
DA:583,0
DA:584,0
DA:585,0
DA:586,0
DA:587,0
DA:588,0
DA:589,0
DA:590,1
DA:591,1
DA:592,1
DA:593,1
DA:594,1
DA:595,1
DA:596,1
DA:597,1
DA:598,1
DA:599,0
DA:600,0
DA:601,0
DA:602,0
DA:603,0
DA:604,0
DA:605,0
DA:606,0
DA:607,0
DA:608,0
DA:609,0
DA:610,1
DA:611,1
DA:612,1
DA:613,1
DA:614,1
DA:615,0
DA:616,0
DA:617,0
DA:618,0
DA:619,0
DA:620,0
DA:621,0
DA:622,0
DA:623,0
DA:624,0
DA:625,0
DA:626,0
DA:627,0
DA:628,0
DA:629,0
DA:630,0
DA:631,0
DA:632,0
DA:633,0
DA:634,0
DA:635,0
DA:636,0
DA:637,0
DA:638,0
DA:639,0
DA:640,0
DA:641,1
DA:642,1
DA:643,1
DA:644,1
DA:645,1
DA:646,1
DA:647,1
DA:648,1
DA:649,1
DA:650,1
DA:651,1
DA:652,1
DA:653,1
DA:654,1
DA:655,1
DA:656,1
DA:657,1
DA:658,1
DA:659,1
DA:660,1
DA:661,1
DA:662,1
DA:663,1
DA:664,1
DA:665,1
DA:666,1
DA:667,1
DA:668,1
DA:669,0
DA:670,0
DA:671,0
DA:672,1
DA:673,1
DA:674,1
DA:675,1
DA:676,1
DA:677,1
DA:678,1
DA:679,1
DA:680,1
DA:681,1
DA:682,1
DA:683,1
DA:684,1
DA:685,6
DA:686,6
DA:687,6
DA:688,1
DA:689,1
DA:690,12
DA:691,12
DA:692,0
DA:693,0
DA:694,12
DA:695,1
DA:696,1
DA:697,1
DA:698,1
DA:699,1
DA:700,1
DA:701,1
DA:702,1
DA:703,1
DA:704,2
DA:705,2
DA:706,2
DA:707,2
DA:708,1
DA:709,1
DA:710,1
DA:711,1
DA:712,1
DA:713,2
DA:714,0
DA:715,0
DA:716,1
DA:717,2
DA:718,0
DA:719,0
DA:720,0
DA:721,1
DA:722,1
DA:723,1
DA:724,1
DA:725,2
DA:726,2
DA:727,2
DA:728,2
DA:729,0
DA:730,0
DA:731,0
DA:732,1
DA:733,1
DA:734,1
DA:735,1
DA:736,4
DA:737,4
DA:738,4
DA:739,4
DA:740,4
DA:741,0
DA:742,0
DA:743,0
DA:744,0
DA:745,0
DA:746,0
DA:747,0
DA:748,0
DA:749,0
DA:750,0
DA:751,0
DA:752,0
DA:753,1
DA:754,1
DA:755,1
DA:756,1
DA:757,3
DA:758,3
DA:759,3
DA:760,3
DA:761,3
DA:762,3
DA:763,3
DA:764,1
DA:765,1
DA:766,1
DA:767,1
DA:768,1
DA:769,1
DA:770,1
DA:771,1
DA:772,1
DA:773,1
DA:774,1
DA:775,1
DA:776,1
DA:777,1
DA:778,1
DA:779,1
DA:780,1
DA:781,1
DA:782,1
DA:783,1
DA:784,1
DA:785,1
DA:786,1
DA:787,1
DA:788,1
DA:789,1
DA:790,1
DA:791,1
DA:792,1
DA:793,1
DA:794,1
DA:795,1
DA:796,1
DA:797,1
DA:798,1
DA:799,1
DA:800,1
DA:801,1
DA:802,1
DA:803,1
DA:804,0
DA:805,0
DA:806,0
DA:807,0
DA:808,0
DA:809,0
DA:810,0
DA:811,0
DA:812,0
DA:813,1
DA:814,1
DA:815,1
LF:815
LH:605
BRDA:77,0,0,0
BRDA:176,1,0,0
BRDA:803,2,0,0
BRDA:55,3,0,2
BRDA:58,4,0,1
BRDA:76,5,0,8
BRDA:93,6,0,65
BRDA:99,7,0,128
BRDA:102,8,0,65
BRDA:122,9,0,65
BRDA:128,10,0,65
BRDA:137,11,0,300
BRDA:138,12,0,0
BRDA:139,13,0,3
BRDA:139,14,0,297
BRDA:140,15,0,200
BRDA:142,16,0,101
BRDA:144,17,0,97
BRDA:145,18,0,65
BRDA:145,19,0,32
BRDA:139,20,0,4
BRDA:148,21,0,65
BRDA:156,22,0,65
BRDA:277,23,0,1
BRDA:290,24,0,1
BRDA:296,25,0,0
BRDA:302,26,0,0
BRDA:311,27,0,2
BRDA:312,28,0,0
BRDA:319,29,0,1
BRDA:324,30,0,0
BRDA:333,31,0,1
BRDA:342,32,0,0
BRDA:408,33,0,5
BRDA:411,34,0,4
BRDA:411,35,0,2
BRDA:413,36,0,3
BRDA:424,37,0,0
BRDA:414,38,0,4
BRDA:418,39,0,3
BRDA:422,40,0,4
BRDA:435,41,0,20
BRDA:457,42,0,2
BRDA:463,43,0,0
BRDA:470,44,0,10
BRDA:475,45,0,7
BRDA:475,46,0,2
BRDA:477,47,0,5
BRDA:487,48,0,3
BRDA:539,49,0,3
BRDA:549,50,0,0
BRDA:560,51,0,1
BRDA:565,52,0,1
BRDA:570,53,0,3
BRDA:574,54,0,2
BRDA:574,55,0,2
BRDA:574,56,0,1
BRDA:574,57,0,2
BRDA:576,58,0,1
BRDA:582,59,0,0
BRDA:593,60,0,1
BRDA:598,61,0,0
BRDA:644,62,0,1
BRDA:668,63,0,0
BRDA:675,64,0,1
BRDA:685,65,0,6
BRDA:689,66,0,12
BRDA:691,67,0,6
BRDA:691,68,0,0
BRDA:703,69,0,2
BRDA:707,70,0,1
BRDA:713,71,0,0
BRDA:715,72,0,1
BRDA:717,73,0,0
BRDA:724,74,0,2
BRDA:728,75,0,0
BRDA:735,76,0,4
BRDA:736,77,0,0
BRDA:740,78,0,0
BRDA:756,79,0,3
BRDA:763,80,0,1
BRF:81
BRH:60
end_of_record
TN:
SF:js\back-end\blockchainDeposit.js
FN:13,creditUserBalance
FN:39,monitorDeposits
FN:65,getUserBalance
FN:75,withdrawTokens
FN:107,depositTokens
FNF:5
FNH:3
FNDA:7,creditUserBalance
FNDA:3,monitorDeposits
FNDA:0,getUserBalance
FNDA:7,withdrawTokens
FNDA:0,depositTokens
DA:1,1
DA:2,1
DA:3,1
DA:4,1
DA:5,1
DA:6,1
DA:7,1
DA:8,1
DA:9,1
DA:10,1
DA:11,1
DA:12,1
DA:13,7
DA:14,7
DA:15,7
DA:16,7
DA:17,7
DA:18,7
DA:19,2
DA:20,2
DA:21,7
DA:22,7
DA:23,7
DA:24,7
DA:25,7
DA:26,7
DA:27,7
DA:28,7
DA:29,7
DA:30,0
DA:31,0
DA:32,7
DA:33,1
DA:34,1
DA:35,1
DA:36,1
DA:37,1
DA:38,1
DA:39,3
DA:40,3
DA:41,3
DA:42,3
DA:43,3
DA:44,3
DA:45,3
DA:46,3
DA:47,3
DA:48,2
DA:49,3
DA:50,3
DA:51,3
DA:52,2
DA:53,2
DA:54,2
DA:55,2
DA:56,2
DA:57,2
DA:58,3
DA:59,2
DA:60,1
DA:61,1
DA:62,3
DA:63,1
DA:64,1
DA:65,1
DA:66,0
DA:67,0
DA:68,0
DA:69,0
DA:70,0
DA:71,0
DA:72,0
DA:73,1
DA:74,1
DA:75,7
DA:76,7
DA:77,7
DA:78,7
DA:79,7
DA:80,7
DA:81,7
DA:82,7
DA:83,7
DA:84,0
DA:85,0
DA:86,0
DA:87,0
DA:88,0
DA:89,0
DA:90,0
DA:91,0
DA:92,0
DA:93,0
DA:94,0
DA:95,0
DA:96,0
DA:97,0
DA:98,7
DA:99,7
DA:100,7
DA:101,7
DA:102,7
DA:103,7
DA:104,7
DA:105,1
DA:106,1
DA:107,1
DA:108,0
DA:109,0
DA:110,0
DA:111,0
DA:112,0
DA:113,0
DA:114,0
DA:115,1
DA:116,1
DA:117,1
LF:117
LH:87
BRDA:13,0,0,7
BRDA:18,1,0,2
BRDA:18,2,0,2
BRDA:19,3,0,0
BRDA:22,4,0,0
BRDA:29,5,0,0
BRDA:39,6,0,3
BRDA:47,7,0,2
BRDA:49,8,0,0
BRDA:51,9,0,2
BRDA:58,10,0,2
BRDA:59,11,0,1
BRDA:75,12,0,7
BRDA:83,13,0,0
BRDA:101,14,0,0
BRF:15
BRH:9
end_of_record
TN:
SF:js\back-end\blockchainProvider.js
FN:7,MockProvider
FN:8,sendMessage
FN:14,listRecent
FN:18,TonProvider
FN:24,sendMessage
FN:34,listRecent
FN:38,isMock
FNF:7
FNH:7
FNDA:4,MockProvider
FNDA:3,sendMessage
FNDA:2,listRecent
FNDA:1,TonProvider
FNDA:1,sendMessage
FNDA:1,listRecent
FNDA:3,isMock
DA:1,1
DA:2,1
DA:3,1
DA:4,1
DA:5,1
DA:6,1
DA:7,1
DA:8,1
DA:9,3
DA:10,3
DA:11,3
DA:12,3
DA:13,3
DA:14,1
DA:15,1
DA:16,1
DA:17,1
DA:18,1
DA:19,1
DA:20,1
DA:21,1
DA:22,1
DA:23,1
DA:24,1
DA:25,1
DA:26,1
DA:27,1
DA:28,1
DA:29,1
DA:30,1
DA:31,1
DA:32,1
DA:33,1
DA:34,1
DA:35,1
DA:36,1
DA:37,1
DA:38,1
LF:38
LH:38
BRDA:4,0,0,3
BRDA:37,1,0,1
BRDA:37,2,0,4
BRDA:7,3,0,4
BRDA:8,4,0,3
BRDA:10,5,0,2
BRDA:14,6,0,2
BRDA:18,7,0,1
BRDA:24,8,0,1
BRDA:30,9,0,0
BRDA:32,10,0,0
BRDA:34,11,0,1
BRDA:38,12,0,3
BRF:13
BRH:11
end_of_record
TN:
SF:js\back-end\checkAndApplyParasites.js
FN:4,checkAndApplyParasites
FNF:1
FNH:1
FNDA:5,checkAndApplyParasites
DA:1,1
DA:2,1
DA:3,1
DA:4,5
DA:5,5
DA:6,5
DA:7,0
DA:8,0
DA:9,0
DA:10,0
DA:11,0
DA:12,0
DA:13,0
DA:14,0
DA:15,0
DA:16,0
DA:17,0
DA:18,0
DA:19,0
DA:20,0
DA:21,0
DA:22,0
DA:23,0
DA:24,0
DA:25,0
DA:26,0
DA:27,0
DA:28,0
DA:29,0
DA:30,0
DA:31,0
DA:32,0
DA:33,0
DA:34,0
DA:35,0
DA:36,0
DA:37,0
DA:38,0
DA:39,0
DA:40,0
DA:41,0
DA:42,0
DA:43,0
DA:44,0
DA:45,0
DA:46,0
DA:47,0
DA:48,0
DA:49,0
DA:50,0
DA:51,0
DA:52,0
DA:53,0
DA:54,5
DA:55,5
DA:56,5
DA:57,5
DA:58,1
DA:59,1
DA:60,1
DA:61,1
DA:62,1
DA:63,1
LF:63
LH:16
BRDA:4,0,0,5
BRDA:6,1,0,0
BRF:2
BRH:1
end_of_record
TN:
SF:js\back-end\colectSeed.js
FN:4,colectSeed
FNF:1
FNH:1
FNDA:7,colectSeed
DA:1,1
DA:2,1
DA:3,1
DA:4,7
DA:5,7
DA:6,1
DA:7,1
DA:8,6
DA:9,7
DA:10,1
DA:11,1
DA:12,5
DA:13,5
DA:14,5
DA:15,5
DA:16,5
DA:17,7
DA:18,0
DA:19,0
DA:20,0
DA:21,0
DA:22,7
DA:23,7
DA:24,7
DA:25,7
DA:26,7
DA:27,0
DA:28,0
DA:29,0
DA:30,0
DA:31,0
DA:32,7
DA:33,7
DA:34,0
DA:35,0
DA:36,0
DA:37,0
DA:38,0
DA:39,0
DA:40,0
DA:41,0
DA:42,0
DA:43,0
DA:44,7
DA:45,7
DA:46,7
DA:47,7
DA:48,7
DA:49,0
DA:50,0
DA:51,0
DA:52,0
DA:53,0
DA:54,0
DA:55,0
DA:56,0
DA:57,0
DA:58,0
DA:59,0
DA:60,0
DA:61,0
DA:62,0
DA:63,0
DA:64,0
DA:65,0
DA:66,0
DA:67,0
DA:68,0
DA:69,0
DA:70,0
DA:71,0
DA:72,0
DA:73,0
DA:74,0
DA:75,0
DA:76,7
DA:77,5
DA:78,5
DA:79,7
DA:80,5
DA:81,5
DA:82,7
DA:83,1
DA:84,1
LF:84
LH:38
BRDA:4,0,0,7
BRDA:5,1,0,6
BRDA:5,2,0,6
BRDA:5,3,0,1
BRDA:7,4,0,6
BRDA:9,5,0,1
BRDA:11,6,0,5
BRDA:17,7,0,0
BRDA:23,8,0,0
BRDA:26,9,0,0
BRDA:32,10,0,0
BRDA:32,11,0,0
BRDA:33,12,0,0
BRDA:45,13,0,0
BRDA:47,14,0,0
BRDA:48,15,0,0
BRDA:76,16,0,5
BRDA:79,17,0,0
BRDA:79,18,0,5
BRF:19
BRH:9
end_of_record
TN:
SF:js\back-end\createUser.js
FN:5,createUser
FNF:1
FNH:1
FNDA:5,createUser
DA:1,1
DA:2,1
DA:3,1
DA:4,1
DA:5,5
DA:6,5
DA:7,0
DA:8,0
DA:9,5
DA:10,5
DA:11,5
DA:12,5
DA:13,5
DA:14,5
DA:15,0
DA:16,0
DA:17,0
DA:18,0
DA:19,0
DA:20,0
DA:21,0
DA:22,0
DA:23,0
DA:24,0
DA:25,0
DA:26,0
DA:27,0
DA:28,0
DA:29,0
DA:30,0
DA:31,0
DA:32,0
DA:33,0
DA:34,0
DA:35,0
DA:36,0
DA:37,0
DA:38,0
DA:39,0
DA:40,0
DA:41,0
DA:42,0
DA:43,0
DA:44,0
DA:45,0
DA:46,0
DA:47,0
DA:48,0
DA:49,0
DA:50,0
DA:51,0
DA:52,0
DA:53,0
DA:54,0
DA:55,0
DA:56,0
DA:57,5
DA:58,1
DA:59,1
LF:59
LH:15
BRDA:5,0,0,5
BRDA:6,1,0,0
BRDA:14,2,0,0
BRF:3
BRH:1
end_of_record
TN:
SF:js\back-end\ledger.js
FN:8,appendLedger
FN:30,findByRequestId
FN:39,listRecent
FNF:3
FNH:1
FNDA:1,appendLedger
FNDA:0,findByRequestId
FNDA:0,listRecent
DA:1,1
DA:2,1
DA:3,1
DA:4,1
DA:5,1
DA:6,1
DA:7,1
DA:8,1
DA:9,1
DA:10,1
DA:11,1
DA:12,1
DA:13,1
DA:14,1
DA:15,1
DA:16,1
DA:17,1
DA:18,1
DA:19,1
DA:20,1
DA:21,1
DA:22,1
DA:23,1
DA:24,1
DA:25,1
DA:26,1
DA:27,1
DA:28,1
DA:29,1
DA:30,1
DA:31,0
DA:32,0
DA:33,0
DA:34,0
DA:35,0
DA:36,0
DA:37,1
DA:38,1
DA:39,1
DA:40,0
DA:41,0
DA:42,0
LF:42
LH:33
BRDA:8,0,0,1
BRDA:15,1,0,0
BRDA:17,2,0,0
BRDA:21,3,0,0
BRDA:23,4,0,0
BRF:5
BRH:1
end_of_record
TN:
SF:js\back-end\metrics.js
FN:5,Counter
FN:6,inc
FN:10,_key
FN:11,render
FN:23,Histogram
FN:26,observe
FN:35,_key
FN:36,render
FN:71,metricsMiddleware
FN:92,renderAllMetrics
FNF:10
FNH:10
FNDA:24,Counter
FNDA:45,inc
FNDA:45,_key
FNDA:8,render
FNDA:6,Histogram
FNDA:10,observe
FNDA:10,_key
FNDA:2,render
FNDA:10,metricsMiddleware
FNDA:1,renderAllMetrics
DA:1,1
DA:2,1
DA:3,1
DA:4,1
DA:5,1
DA:6,1
DA:7,45
DA:8,45
DA:9,45
DA:10,1
DA:11,1
DA:12,8
DA:13,8
DA:14,2
DA:15,2
DA:16,2
DA:17,2
DA:18,8
DA:19,8
DA:20,1
DA:21,1
DA:22,1
DA:23,1
DA:24,6
DA:25,6
DA:26,1
DA:27,10
DA:28,10
DA:29,7
DA:30,7
DA:31,10
DA:32,10
DA:33,10
DA:34,10
DA:35,1
DA:36,1
DA:37,2
DA:38,2
DA:39,1
DA:40,1
DA:41,1
DA:42,1
DA:43,7
DA:44,7
DA:45,7
DA:46,7
DA:47,1
DA:48,1
DA:49,1
DA:50,1
DA:51,1
DA:52,1
DA:53,2
DA:54,2
DA:55,1
DA:56,1
DA:57,1
DA:58,1
DA:59,1
DA:60,1
DA:61,1
DA:62,1
DA:63,1
DA:64,1
DA:65,1
DA:66,1
DA:67,1
DA:68,1
DA:69,1
DA:70,1
DA:71,1
DA:72,10
DA:73,10
DA:74,10
DA:75,10
DA:76,10
DA:77,10
DA:78,10
DA:79,10
DA:80,10
DA:81,10
DA:82,10
DA:83,10
DA:84,10
DA:85,9
DA:86,9
DA:87,9
DA:88,10
DA:89,10
DA:90,10
DA:91,1
DA:92,1
DA:93,1
DA:94,1
DA:95,1
DA:96,1
LF:96
LH:96
BRDA:5,0,0,24
BRDA:6,1,0,45
BRDA:8,2,0,29
BRDA:10,3,0,45
BRDA:10,4,0,79
BRDA:10,5,0,0
BRDA:11,6,0,8
BRDA:13,7,0,2
BRDA:15,8,0,0
BRDA:14,9,0,4
BRDA:15,10,0,4
BRDA:23,11,0,6
BRDA:24,12,0,30
BRDA:26,13,0,10
BRDA:28,14,0,7
BRDA:35,15,0,10
BRDA:35,16,0,20
BRDA:35,17,0,0
BRDA:36,18,0,2
BRDA:38,19,0,1
BRDA:42,20,0,7
BRDA:44,21,0,0
BRDA:47,22,0,0
BRDA:49,23,0,0
BRDA:39,24,0,2
BRDA:40,25,0,2
BRDA:71,26,0,10
BRDA:73,27,0,10
BRDA:74,28,0,0
BRDA:74,29,0,0
BRDA:77,30,0,2
BRDA:77,31,0,2
BRDA:79,32,0,6
BRDA:83,33,0,8
BRDA:84,34,0,9
BRDA:92,35,0,1
BRDA:94,36,0,10
BRF:37
BRH:29
end_of_record
TN:
SF:js\back-end\mysql.js
FN:21,query
FN:75,getConnection
FN:77,release
FN:78,rollback
FN:79,commit
FNF:5
FNH:4
FNDA:5,query
FNDA:1,getConnection
FNDA:1,release
FNDA:1,rollback
FNDA:0,commit
DA:1,1
DA:2,1
DA:3,1
DA:4,1
DA:5,1
DA:6,1
DA:7,1
DA:8,1
DA:9,1
DA:10,1
DA:11,1
DA:12,1
DA:13,1
DA:14,1
DA:15,1
DA:16,1
DA:17,1
DA:18,1
DA:19,1
DA:20,1
DA:21,1
DA:22,5
DA:23,5
DA:24,4
DA:25,4
DA:26,4
DA:27,4
DA:28,4
DA:29,0
DA:30,0
DA:31,5
DA:32,0
DA:33,0
DA:34,5
DA:35,0
DA:36,0
DA:37,5
DA:38,0
DA:39,0
DA:40,0
DA:41,0
DA:42,5
DA:43,0
DA:44,0
DA:45,0
DA:46,0
DA:47,0
DA:48,5
DA:49,0
DA:50,0
DA:51,0
DA:52,0
DA:53,0
DA:54,5
DA:55,0
DA:56,0
DA:57,0
DA:58,0
DA:59,5
DA:60,0
DA:61,0
DA:62,0
DA:63,0
DA:64,0
DA:65,0
DA:66,0
DA:67,0
DA:68,0
DA:69,0
DA:70,0
DA:71,0
DA:72,1
DA:73,1
DA:74,1
DA:75,1
DA:76,1
DA:77,1
DA:78,1
DA:79,1
DA:80,1
DA:81,1
DA:82,1
DA:83,1
DA:84,1
DA:85,1
DA:86,1
DA:87,0
DA:88,0
DA:89,0
DA:90,0
DA:91,0
DA:92,0
DA:93,0
DA:94,0
DA:95,0
DA:96,1
LF:96
LH:51
BRDA:84,0,0,0
BRDA:86,1,0,0
BRDA:21,2,0,5
BRDA:23,3,0,4
BRDA:27,4,0,0
BRDA:28,5,0,0
BRDA:30,6,0,1
BRDA:31,7,0,0
BRDA:33,8,0,1
BRDA:34,9,0,0
BRDA:36,10,0,1
BRDA:37,11,0,0
BRDA:41,12,0,1
BRDA:42,13,0,0
BRDA:47,14,0,1
BRDA:48,15,0,0
BRDA:53,16,0,1
BRDA:54,17,0,0
BRDA:58,18,0,1
BRDA:59,19,0,0
BRDA:71,20,0,1
BRDA:75,21,0,1
BRDA:77,22,0,1
BRDA:78,23,0,1
BRF:24
BRH:13
end_of_record
TN:
SF:js\back-end\plantSeed.js
FN:5,plantSeed
FNF:1
FNH:1
FNDA:15,plantSeed
DA:1,1
DA:2,1
DA:3,1
DA:4,1
DA:5,15
DA:6,15
DA:7,15
DA:8,2
DA:9,2
DA:10,2
DA:11,13
DA:12,13
DA:13,13
DA:14,13
DA:15,13
DA:16,14
DA:17,0
DA:18,0
DA:19,0
DA:20,15
DA:21,15
DA:22,15
DA:23,0
DA:24,0
DA:25,0
DA:26,0
DA:27,0
DA:28,0
DA:29,0
DA:30,0
DA:31,0
DA:32,0
DA:33,15
DA:34,15
DA:35,15
DA:36,15
DA:37,15
DA:38,15
DA:39,15
DA:40,15
DA:41,15
DA:42,15
DA:43,15
DA:44,15
DA:45,15
DA:46,15
DA:47,15
DA:48,15
DA:49,15
DA:50,15
DA:51,15
DA:52,15
DA:53,15
DA:54,15
DA:55,15
DA:56,15
DA:57,15
DA:58,15
DA:59,15
DA:60,15
DA:61,15
DA:62,15
DA:63,15
DA:64,15
DA:65,0
DA:66,0
DA:67,0
DA:68,0
DA:69,0
DA:70,0
DA:71,0
DA:72,0
DA:73,0
DA:74,0
DA:75,14
DA:76,13
DA:77,13
DA:78,14
DA:79,13
DA:80,13
DA:81,0
DA:82,0
DA:83,0
DA:84,0
DA:85,0
DA:86,0
DA:87,0
DA:88,0
DA:89,0
DA:90,0
DA:91,0
DA:92,0
DA:93,0
DA:94,0
DA:95,0
DA:96,0
DA:97,0
DA:98,0
DA:99,0
DA:100,0
DA:101,0
DA:102,0
DA:103,0
DA:104,0
DA:105,0
DA:106,0
DA:107,0
DA:108,0
DA:109,0
DA:110,0
DA:111,0
DA:112,0
DA:113,0
DA:114,0
DA:115,1
DA:116,1
LF:116
LH:59
BRDA:5,0,0,15
BRDA:7,1,0,14
BRDA:7,2,0,2
BRDA:10,3,0,14
BRDA:10,4,0,13
BRDA:16,5,0,0
BRDA:22,6,0,0
BRDA:38,7,0,0
BRDA:39,8,0,0
BRDA:40,9,0,0
BRDA:41,10,0,0
BRDA:64,11,0,14
BRDA:64,12,0,0
BRDA:75,13,0,13
BRDA:77,14,0,0
BRDA:78,15,0,0
BRDA:78,16,0,13
BRDA:80,17,0,0
BRF:18
BRH:8
end_of_record
TN:
SF:js\back-end\processarCompra.js
FN:4,processarCompra
FNF:1
FNH:1
FNDA:7,processarCompra
DA:1,1
DA:2,1
DA:3,1
DA:4,7
DA:5,7
DA:6,1
DA:7,1
DA:8,6
DA:9,6
DA:10,6
DA:11,5
DA:12,5
DA:13,7
DA:14,0
DA:15,0
DA:16,0
DA:17,0
DA:18,0
DA:19,0
DA:20,0
DA:21,0
DA:22,0
DA:23,0
DA:24,0
DA:25,0
DA:26,7
DA:27,7
DA:28,7
DA:29,0
DA:30,0
DA:31,0
DA:32,0
DA:33,0
DA:34,0
DA:35,0
DA:36,0
DA:37,0
DA:38,0
DA:39,0
DA:40,0
DA:41,0
DA:42,0
DA:43,0
DA:44,0
DA:45,0
DA:46,0
DA:47,0
DA:48,0
DA:49,0
DA:50,0
DA:51,0
DA:52,0
DA:53,0
DA:54,0
DA:55,0
DA:56,0
DA:57,0
DA:58,0
DA:59,0
DA:60,0
DA:61,7
DA:62,6
DA:63,6
DA:64,6
DA:65,7
DA:66,6
DA:67,6
DA:68,7
DA:69,1
DA:70,1
LF:70
LH:26
BRDA:4,0,0,7
BRDA:5,1,0,1
BRDA:7,2,0,6
BRDA:10,3,0,5
BRDA:13,4,0,0
BRDA:28,5,0,0
BRDA:28,6,0,0
BRDA:61,7,0,6
BRDA:65,8,0,0
BRDA:65,9,0,6
BRF:10
BRH:6
end_of_record
TN:
SF:js\back-end\removeItem.js
FN:5,removeItem
FNF:1
FNH:1
FNDA:10,removeItem
DA:1,1
DA:2,1
DA:3,1
DA:4,1
DA:5,10
DA:6,10
DA:7,1
DA:8,1
DA:9,10
DA:10,1
DA:11,1
DA:12,10
DA:13,1
DA:14,1
DA:15,7
DA:16,7
DA:17,7
DA:18,7
DA:19,7
DA:20,10
DA:21,0
DA:22,0
DA:23,0
DA:24,0
DA:25,0
DA:26,0
DA:27,0
DA:28,0
DA:29,0
DA:30,0
DA:31,0
DA:32,0
DA:33,0
DA:34,0
DA:35,0
DA:36,0
DA:37,0
DA:38,0
DA:39,0
DA:40,0
DA:41,0
DA:42,0
DA:43,0
DA:44,0
DA:45,0
DA:46,0
DA:47,0
DA:48,0
DA:49,0
DA:50,0
DA:51,0
DA:52,0
DA:53,0
DA:54,0
DA:55,0
DA:56,0
DA:57,10
DA:58,7
DA:59,7
DA:60,7
DA:61,10
DA:62,7
DA:63,7
DA:64,10
DA:65,1
DA:66,1
LF:66
LH:30
BRDA:5,0,0,10
BRDA:6,1,0,9
BRDA:6,2,0,9
BRDA:6,3,0,1
BRDA:8,4,0,9
BRDA:9,5,0,8
BRDA:9,6,0,8
BRDA:9,7,0,1
BRDA:11,8,0,8
BRDA:12,9,0,1
BRDA:14,10,0,7
BRDA:20,11,0,0
BRDA:57,12,0,7
BRDA:61,13,0,0
BRDA:61,14,0,7
BRF:15
BRH:13
end_of_record
TN:
SF:js\back-end\removeParasita.js
FN:3,removeParasita
FNF:1
FNH:1
FNDA:1,removeParasita
DA:1,1
DA:2,1
DA:3,1
DA:4,1
DA:5,1
DA:6,1
DA:7,1
DA:8,1
DA:9,0
DA:10,0
DA:11,0
DA:12,0
DA:13,1
DA:14,1
DA:15,1
DA:16,0
DA:17,0
DA:18,0
DA:19,0
DA:20,1
DA:21,0
DA:22,0
DA:23,0
DA:24,0
DA:25,0
DA:26,0
DA:27,0
DA:28,0
DA:29,0
DA:30,0
DA:31,0
DA:32,0
DA:33,0
DA:34,0
DA:35,0
DA:36,0
DA:37,0
DA:38,1
DA:39,1
DA:40,1
DA:41,1
DA:42,1
DA:43,1
DA:44,1
DA:45,1
LF:45
LH:20
BRDA:3,0,0,1
BRDA:8,1,0,0
BRDA:15,2,0,0
BRDA:20,3,0,0
BRDA:42,4,0,0
BRF:5
BRH:1
end_of_record
TN:
SF:js\back-end\updatePlant.js
FN:4,updatePlantStatus
FN:120,recalculateHarvestDate
FNF:2
FNH:2
FNDA:6,updatePlantStatus
FNDA:3,recalculateHarvestDate
DA:1,1
DA:2,1
DA:3,1
DA:4,6
DA:5,6
DA:6,6
DA:7,6
DA:8,6
DA:9,6
DA:10,6
DA:11,0
DA:12,0
DA:13,0
DA:14,0
DA:15,0
DA:16,6
DA:17,6
DA:18,6
DA:19,6
DA:20,6
DA:21,0
DA:22,0
DA:23,0
DA:24,0
DA:25,0
DA:26,0
DA:27,0
DA:28,0
DA:29,0
DA:30,0
DA:31,0
DA:32,0
DA:33,0
DA:34,0
DA:35,0
DA:36,0
DA:37,0
DA:38,0
DA:39,0
DA:40,0
DA:41,0
DA:42,6
DA:43,0
DA:44,0
DA:45,0
DA:46,0
DA:47,0
DA:48,0
DA:49,0
DA:50,6
DA:51,0
DA:52,0
DA:53,0
DA:54,0
DA:55,0
DA:56,0
DA:57,0
DA:58,0
DA:59,0
DA:60,0
DA:61,0
DA:62,0
DA:63,0
DA:64,0
DA:65,0
DA:66,0
DA:67,0
DA:68,0
DA:69,0
DA:70,0
DA:71,0
DA:72,0
DA:73,0
DA:74,0
DA:75,0
DA:76,0
DA:77,0
DA:78,0
DA:79,0
DA:80,0
DA:81,0
DA:82,0
DA:83,0
DA:84,0
DA:85,0
DA:86,0
DA:87,0
DA:88,0
DA:89,0
DA:90,0
DA:91,0
DA:92,0
DA:93,0
DA:94,0
DA:95,0
DA:96,0
DA:97,0
DA:98,0
DA:99,0
DA:100,0
DA:101,0
DA:102,0
DA:103,0
DA:104,0
DA:105,0
DA:106,0
DA:107,0
DA:108,0
DA:109,6
DA:110,6
DA:111,6
DA:112,6
DA:113,6
DA:114,6
DA:115,6
DA:116,6
DA:117,1
DA:118,1
DA:119,1
DA:120,3
DA:121,3
DA:122,3
DA:123,3
DA:124,3
DA:125,3
DA:126,3
DA:127,3
DA:128,3
DA:129,3
DA:130,3
DA:131,3
DA:132,3
DA:133,3
DA:134,3
DA:135,3
DA:136,0
DA:137,0
DA:138,3
DA:139,3
DA:140,3
DA:141,3
DA:142,3
DA:143,3
DA:144,3
DA:145,3
DA:146,3
DA:147,3
DA:148,3
DA:149,3
DA:150,3
DA:151,3
DA:152,1
DA:153,3
DA:154,0
DA:155,2
DA:156,2
DA:157,2
DA:158,2
DA:159,3
DA:160,3
DA:161,3
DA:162,3
DA:163,0
DA:164,0
DA:165,0
DA:166,3
DA:167,3
DA:168,3
DA:169,3
DA:170,0
DA:171,0
DA:172,0
DA:173,3
DA:174,1
DA:175,1
DA:176,1
LF:176
LH:76
BRDA:4,0,0,6
BRDA:10,1,0,0
BRDA:17,2,0,0
BRDA:20,3,0,0
BRDA:42,4,0,0
BRDA:42,5,0,0
BRDA:50,6,0,0
BRDA:112,7,0,0
BRDA:113,8,0,0
BRDA:120,9,0,3
BRDA:125,10,0,0
BRDA:126,11,0,0
BRDA:135,12,0,0
BRDA:140,13,0,1
BRDA:141,14,0,2
BRDA:142,15,0,2
BRDA:151,16,0,2
BRDA:151,17,0,1
BRDA:153,18,0,2
BRDA:153,19,0,1
BRDA:153,20,0,0
BRDA:155,21,0,1
BRDA:162,22,0,0
BRDA:169,23,0,0
BRF:24
BRH:10
end_of_record
TN:
SF:js\back-end\updateTokenBalance.js
FN:4,updateTokenBalance
FNF:1
FNH:1
FNDA:3,updateTokenBalance
DA:1,1
DA:2,1
DA:3,1
DA:4,3
DA:5,3
DA:6,1
DA:7,1
DA:8,2
DA:9,3
DA:10,1
DA:11,1
DA:12,1
DA:13,1
DA:14,1
DA:15,0
DA:16,0
DA:17,1
DA:18,1
DA:19,1
DA:20,1
LF:20
LH:18
BRDA:4,0,0,3
BRDA:5,1,0,2
BRDA:5,2,0,2
BRDA:5,3,0,1
BRDA:9,4,0,1
BRDA:14,5,0,0
BRF:6
BRH:5
end_of_record
TN:
SF:js\back-end\verifyToken.js
FN:7,verifyToken
FNF:1
FNH:1
FNDA:9,verifyToken
DA:1,1
DA:2,1
DA:3,1
DA:4,1
DA:5,1
DA:6,1
DA:7,9
DA:8,9
DA:9,9
DA:10,9
DA:11,9
DA:12,9
DA:13,9
DA:14,9
DA:15,9
DA:16,9
DA:17,1
DA:18,1
DA:19,1
DA:20,1
DA:21,1
DA:22,1
DA:23,1
DA:24,9
DA:25,9
DA:26,2
DA:27,2
DA:28,2
DA:29,7
DA:30,7
DA:31,7
DA:32,7
DA:33,7
DA:34,7
DA:35,9
DA:36,0
DA:37,0
DA:38,0
DA:39,9
DA:40,1
DA:41,1
LF:41
LH:38
BRDA:7,0,0,9
BRDA:16,1,0,3
BRDA:16,2,0,1
BRDA:25,3,0,8
BRDA:25,4,0,2
BRDA:28,5,0,7
BRDA:35,6,0,0
BRF:7
BRH:6
end_of_record
TN:
SF:js\back-end\walletConnect.js
FN:4,generateChallenge
FNF:1
FNH:1
FNDA:3,generateChallenge
DA:1,1
DA:2,1
DA:3,1
DA:4,3
DA:5,3
DA:6,3
DA:7,1
DA:8,1
DA:9,2
DA:10,2
DA:11,2
DA:12,2
DA:13,2
DA:14,2
DA:15,2
DA:16,2
DA:17,1
DA:18,1
LF:18
LH:18
BRDA:4,0,0,3
BRDA:6,1,0,2
BRDA:6,2,0,1
BRF:3
BRH:3
end_of_record
TN:
SF:js\validation\middleware.js
FN:4,validateBody
FN:21,requireIdempotency
FN:48,attachRequestId
FN:55,cryptoRandom
FNF:4
FNH:4
FNDA:34,validateBody
FNDA:10,requireIdempotency
FNDA:2,attachRequestId
FNDA:1,cryptoRandom
DA:1,1
DA:2,1
DA:3,1
DA:4,1
DA:5,34
DA:6,35
DA:7,35
DA:8,2
DA:9,2
DA:10,2
DA:11,2
DA:12,2
DA:13,33
DA:14,33
DA:15,34
DA:16,34
DA:17,1
DA:18,1
DA:19,1
DA:20,1
DA:21,1
DA:22,10
DA:23,18
DA:24,18
DA:25,18
DA:26,18
DA:27,17
DA:28,17
DA:29,17
DA:30,15
DA:31,0
DA:32,0
DA:33,0
DA:34,0
DA:35,0
DA:36,0
DA:37,0
DA:38,0
DA:39,0
DA:40,18
DA:41,17
DA:42,17
DA:43,17
DA:44,10
DA:45,10
DA:46,1
DA:47,1
DA:48,1
DA:49,2
DA:50,2
DA:51,2
DA:52,2
DA:53,2
DA:54,1
DA:55,1
DA:56,1
DA:57,1
LF:57
LH:48
BRDA:4,0,0,34
BRDA:5,1,0,35
BRDA:7,2,0,34
BRDA:7,3,0,2
BRDA:12,4,0,33
BRDA:10,5,0,2
BRDA:21,6,0,10
BRDA:22,7,0,18
BRDA:25,8,0,1
BRDA:26,9,0,1
BRDA:26,10,0,17
BRDA:29,11,0,15
BRDA:30,12,0,0
BRDA:40,13,0,17
BRDA:48,14,0,2
BRDA:49,15,0,2
BRDA:50,16,0,1
BRDA:55,17,0,1
BRF:18
BRH:17
end_of_record
TN:
SF:js\validation\schemas.js
FNF:0
FNH:0
DA:1,1
DA:2,1
DA:3,1
DA:4,1
DA:5,1
DA:6,1
DA:7,1
DA:8,1
DA:9,1
DA:10,1
DA:11,1
DA:12,1
DA:13,1
DA:14,1
DA:15,1
DA:16,1
DA:17,1
DA:18,1
DA:19,1
DA:20,1
DA:21,1
DA:22,1
DA:23,1
DA:24,1
DA:25,1
DA:26,1
DA:27,1
DA:28,1
DA:29,1
DA:30,1
DA:31,1
DA:32,1
DA:33,1
DA:34,1
DA:35,1
DA:36,1
DA:37,1
DA:38,1
DA:39,1
DA:40,1
DA:41,1
DA:42,1
DA:43,1
DA:44,1
DA:45,1
DA:46,1
DA:47,1
DA:48,1
DA:49,1
DA:50,1
DA:51,1
DA:52,1
DA:53,1
DA:54,1
DA:55,1
DA:56,1
DA:57,1
DA:58,1
DA:59,1
DA:60,1
DA:61,1
DA:62,1
DA:63,1
DA:64,1
DA:65,1
DA:66,1
DA:67,1
DA:68,1
DA:69,1
DA:70,1
DA:71,1
DA:72,1
DA:73,1
DA:74,1
DA:75,1
DA:76,1
DA:77,1
DA:78,1
DA:79,1
DA:80,1
DA:81,1
DA:82,1
DA:83,1
DA:84,1
LF:84
LH:84
BRF:0
BRH:0
end_of_record
